0 info it worked if it ends with ok
1 verbose cli [ '/usr/bin/node', '/usr/bin/npm', 'install', '-g', 'bower' ]
2 info using npm@2.11.3
3 info using node@v0.12.7
4 verbose node symlink /usr/bin/node
5 verbose install initial load of /usr/lib/package.json
6 verbose readDependencies loading dependencies from /usr/lib/package.json
7 silly cache add args [ 'bower', null ]
8 verbose cache add spec bower
9 silly cache add parsed spec { raw: 'bower',
9 silly cache add   scope: null,
9 silly cache add   name: 'bower',
9 silly cache add   rawSpec: '',
9 silly cache add   spec: '*',
9 silly cache add   type: 'range' }
10 silly addNamed bower@*
11 verbose addNamed "*" is a valid semver range for bower
12 silly addNameRange { name: 'bower', range: '*', hasData: false }
13 silly mapToRegistry name bower
14 silly mapToRegistry using default registry
15 silly mapToRegistry registry https://registry.npmjs.org/
16 silly mapToRegistry uri https://registry.npmjs.org/bower
17 verbose addNameRange registry:https://registry.npmjs.org/bower not in flight; fetching
18 verbose request uri https://registry.npmjs.org/bower
19 verbose request no auth needed
20 info attempt registry request try #1 at 19:16:51
21 verbose request id ad57ef2e2a1e99a8
22 verbose etag "2SHCY448UNTIGQLC27IBCEXU0"
23 http request GET https://registry.npmjs.org/bower
24 http 304 https://registry.npmjs.org/bower
25 silly get cb [ 304,
25 silly get   { date: 'Wed, 21 Oct 2015 16:16:52 GMT',
25 silly get     via: '1.1 varnish',
25 silly get     'cache-control': 'max-age=60',
25 silly get     etag: '"2SHCY448UNTIGQLC27IBCEXU0"',
25 silly get     age: '10',
25 silly get     connection: 'keep-alive',
25 silly get     'x-served-by': 'cache-ams4124-AMS',
25 silly get     'x-cache': 'HIT',
25 silly get     'x-cache-hits': '1',
25 silly get     'x-timer': 'S1445444212.104574,VS0,VE0',
25 silly get     vary: 'Accept' } ]
26 verbose etag https://registry.npmjs.org/bower from cache
27 verbose get saving bower to /home/uran/.npm/registry.npmjs.org/bower/.cache.json
28 silly addNameRange number 2 { name: 'bower', range: '*', hasData: true }
29 silly addNameRange versions [ 'bower',
29 silly addNameRange   [ '0.1.0',
29 silly addNameRange     '0.1.2',
29 silly addNameRange     '0.1.3',
29 silly addNameRange     '0.2.0',
29 silly addNameRange     '0.3.0',
29 silly addNameRange     '0.3.1',
29 silly addNameRange     '0.3.2',
29 silly addNameRange     '0.4.0',
29 silly addNameRange     '0.5.0',
29 silly addNameRange     '0.5.1',
29 silly addNameRange     '0.6.0',
29 silly addNameRange     '0.6.1',
29 silly addNameRange     '0.6.2',
29 silly addNameRange     '0.6.3',
29 silly addNameRange     '0.6.4',
29 silly addNameRange     '0.6.5',
29 silly addNameRange     '0.6.6',
29 silly addNameRange     '0.6.7',
29 silly addNameRange     '0.6.8',
29 silly addNameRange     '0.7.0',
29 silly addNameRange     '0.7.1',
29 silly addNameRange     '0.8.0',
29 silly addNameRange     '0.8.1',
29 silly addNameRange     '0.8.2',
29 silly addNameRange     '0.8.3',
29 silly addNameRange     '0.8.4',
29 silly addNameRange     '0.8.5',
29 silly addNameRange     '0.8.6',
29 silly addNameRange     '0.9.0',
29 silly addNameRange     '0.9.1',
29 silly addNameRange     '0.9.2',
29 silly addNameRange     '0.10.0',
29 silly addNameRange     '1.0.0',
29 silly addNameRange     '1.0.1',
29 silly addNameRange     '1.0.2',
29 silly addNameRange     '1.0.3',
29 silly addNameRange     '1.1.0',
29 silly addNameRange     '1.1.1',
29 silly addNameRange     '1.1.2',
29 silly addNameRange     '1.2.0',
29 silly addNameRange     '1.2.1',
29 silly addNameRange     '1.2.2',
29 silly addNameRange     '1.2.3',
29 silly addNameRange     '1.2.4',
29 silly addNameRange     '1.2.5',
29 silly addNameRange     '1.2.6',
29 silly addNameRange     '1.2.7',
29 silly addNameRange     '1.2.8',
29 silly addNameRange     '1.3.0',
29 silly addNameRange     '1.3.1',
29 silly addNameRange     '1.3.2',
29 silly addNameRange     '1.3.3',
29 silly addNameRange     '1.3.4',
29 silly addNameRange     '1.3.5',
29 silly addNameRange     '1.3.6',
29 silly addNameRange     '1.3.7',
29 silly addNameRange     '1.3.8',
29 silly addNameRange     '1.3.9',
29 silly addNameRange     '1.3.10',
29 silly addNameRange     '1.3.11',
29 silly addNameRange     '1.3.12',
29 silly addNameRange     '1.4.0',
29 silly addNameRange     '1.4.1',
29 silly addNameRange     '1.5.0',
29 silly addNameRange     '1.5.1',
29 silly addNameRange     '1.5.2',
29 silly addNameRange     '1.5.3',
29 silly addNameRange     '1.6.2',
29 silly addNameRange     '1.6.3' ] ]
30 silly addNamed bower@1.6.3
31 verbose addNamed "1.6.3" is a plain semver version for bower
32 silly cache afterAdd bower@1.6.3
33 verbose afterAdd /home/uran/.npm/bower/1.6.3/package/package.json not in flight; writing
34 verbose afterAdd /home/uran/.npm/bower/1.6.3/package/package.json written
35 silly install resolved [ { name: 'bower',
35 silly install resolved     version: '1.6.3',
35 silly install resolved     description: 'The browser package manager',
35 silly install resolved     author: { name: 'Twitter' },
35 silly install resolved     license: 'MIT',
35 silly install resolved     repository: { type: 'git', url: 'git+https://github.com/bower/bower.git' },
35 silly install resolved     main: 'lib',
35 silly install resolved     homepage: 'http://bower.io',
35 silly install resolved     engines: { node: '>=0.10.0' },
35 silly install resolved     keywords: [ 'bower' ],
35 silly install resolved     dependencies:
35 silly install resolved      { abbrev: '^1.0.5',
35 silly install resolved        archy: '1.0.0',
35 silly install resolved        'bower-config': '^1.2.2',
35 silly install resolved        'bower-endpoint-parser': '^0.2.2',
35 silly install resolved        'bower-json': '^0.4.0',
35 silly install resolved        'bower-logger': '^0.2.2',
35 silly install resolved        'bower-registry-client': '^1.0.0',
35 silly install resolved        cardinal: '0.4.4',
35 silly install resolved        chalk: '^1.0.0',
35 silly install resolved        chmodr: '^1.0.2',
35 silly install resolved        configstore: '^0.3.2',
35 silly install resolved        'decompress-zip': '^0.1.0',
35 silly install resolved        destroy: '^1.0.3',
35 silly install resolved        'fs-write-stream-atomic': '^1.0.4',
35 silly install resolved        fstream: '^1.0.3',
35 silly install resolved        'fstream-ignore': '^1.0.2',
35 silly install resolved        github: '^0.2.3',
35 silly install resolved        glob: '^4.3.2',
35 silly install resolved        'graceful-fs': '^3.0.5',
35 silly install resolved        handlebars: '^2.0.0',
35 silly install resolved        inquirer: '0.10.0',
35 silly install resolved        insight: '^0.7.0',
35 silly install resolved        'is-root': '^1.0.0',
35 silly install resolved        junk: '^1.0.0',
35 silly install resolved        lockfile: '^1.0.0',
35 silly install resolved        'lru-cache': '^2.5.0',
35 silly install resolved        'md5-hex': '^1.0.2',
35 silly install resolved        mkdirp: '0.5.0',
35 silly install resolved        mout: '^0.11.0',
35 silly install resolved        nopt: '^3.0.1',
35 silly install resolved        opn: '^1.0.1',
35 silly install resolved        'p-throttler': '0.1.1',
35 silly install resolved        promptly: '0.2.0',
35 silly install resolved        q: '^1.1.2',
35 silly install resolved        request: '2.53.0',
35 silly install resolved        'request-progress': '0.3.1',
35 silly install resolved        retry: '0.6.1',
35 silly install resolved        rimraf: '^2.2.8',
35 silly install resolved        semver: '^2.3.0',
35 silly install resolved        'shell-quote': '^1.4.2',
35 silly install resolved        'stringify-object': '^1.0.0',
35 silly install resolved        'tar-fs': '^1.4.1',
35 silly install resolved        tmp: '0.0.24',
35 silly install resolved        'update-notifier': '^0.3.0',
35 silly install resolved        'user-home': '^1.1.0',
35 silly install resolved        which: '^1.0.8' },
35 silly install resolved     devDependencies:
35 silly install resolved      { chai: '^1.10.0',
35 silly install resolved        coveralls: '^2.11.2',
35 silly install resolved        'expect.js': '^0.3.1',
35 silly install resolved        grunt: '^0.4.5',
35 silly install resolved        'grunt-cli': '^0.1.13',
35 silly install resolved        'grunt-contrib-jshint': '^0.10.0',
35 silly install resolved        'grunt-contrib-watch': '^0.6.1',
35 silly install resolved        'grunt-exec': '^0.4.6',
35 silly install resolved        'grunt-simple-mocha': '^0.4.0',
35 silly install resolved        istanbul: '^0.3.5',
35 silly install resolved        'load-grunt-tasks': '^2.0.0',
35 silly install resolved        mocha: '^2.1.0',
35 silly install resolved        multiline: '^1.0.2',
35 silly install resolved        nock: '^2.13.0',
35 silly install resolved        'node-uuid': '^1.4.2',
35 silly install resolved        'npm-shrinkwrap': '^5.4.1',
35 silly install resolved        proxyquire: '^1.3.0',
35 silly install resolved        'spawn-sync': '^1.0.5' },
35 silly install resolved     scripts: { test: 'grunt test' },
35 silly install resolved     bin: { bower: 'bin/bower' },
35 silly install resolved     files: [ 'bin', 'lib', 'templates' ],
35 silly install resolved     gitHead: '2330d59ffa8f4f543a9f6ee4b0301e396236bf45',
35 silly install resolved     bugs: { url: 'https://github.com/bower/bower/issues' },
35 silly install resolved     bundleDependencies:
35 silly install resolved      [ 'abbrev',
35 silly install resolved        'archy',
35 silly install resolved        'bower-config',
35 silly install resolved        'bower-endpoint-parser',
35 silly install resolved        'bower-json',
35 silly install resolved        'bower-logger',
35 silly install resolved        'bower-registry-client',
35 silly install resolved        'cardinal',
35 silly install resolved        'chalk',
35 silly install resolved        'chmodr',
35 silly install resolved        'configstore',
35 silly install resolved        'decompress-zip',
35 silly install resolved        'destroy',
35 silly install resolved        'fs-write-stream-atomic',
35 silly install resolved        'fstream',
35 silly install resolved        'fstream-ignore',
35 silly install resolved        'github',
35 silly install resolved        'glob',
35 silly install resolved        'graceful-fs',
35 silly install resolved        'handlebars',
35 silly install resolved        'inquirer',
35 silly install resolved        'insight',
35 silly install resolved        'is-root',
35 silly install resolved        'junk',
35 silly install resolved        'lockfile',
35 silly install resolved        'lru-cache',
35 silly install resolved        'md5-hex',
35 silly install resolved        'mkdirp',
35 silly install resolved        'mout',
35 silly install resolved        'nopt',
35 silly install resolved        'opn',
35 silly install resolved        'p-throttler',
35 silly install resolved        'promptly',
35 silly install resolved        'q',
35 silly install resolved        'request',
35 silly install resolved        'request-progress',
35 silly install resolved        'retry',
35 silly install resolved        'rimraf',
35 silly install resolved        'semver',
35 silly install resolved        'shell-quote',
35 silly install resolved        'stringify-object',
35 silly install resolved        'tar-fs',
35 silly install resolved        'tmp',
35 silly install resolved        'update-notifier',
35 silly install resolved        'user-home',
35 silly install resolved        'which' ],
35 silly install resolved     _id: 'bower@1.6.3',
35 silly install resolved     _shasum: '70ab999e25dec5c078afcaf545a991f683dc1ea6',
35 silly install resolved     _from: 'bower@*',
35 silly install resolved     _npmVersion: '2.14.7',
35 silly install resolved     _nodeVersion: '4.1.1',
35 silly install resolved     _npmUser: { name: 'sheerun', email: 'sheerun@sher.pl' },
35 silly install resolved     dist:
35 silly install resolved      { shasum: '70ab999e25dec5c078afcaf545a991f683dc1ea6',
35 silly install resolved        tarball: 'http://registry.npmjs.org/bower/-/bower-1.6.3.tgz' },
35 silly install resolved     maintainers: [ [Object], [Object], [Object], [Object], [Object], [Object] ],
35 silly install resolved     directories: {},
35 silly install resolved     _resolved: 'https://registry.npmjs.org/bower/-/bower-1.6.3.tgz',
35 silly install resolved     readme: 'ERROR: No README data found!' } ]
36 info install bower@1.6.3 into /usr/lib
37 info installOne bower@1.6.3
38 verbose installOne of bower to /usr/lib not in flight; installing
39 warn locking Error: EACCES, open '/home/uran/.npm/_locks/bower-f46d670cb56ecd4d.lock'
39 warn locking     at Error (native)
39 warn locking  /home/uran/.npm/_locks/bower-f46d670cb56ecd4d.lock failed { [Error: EACCES, open '/home/uran/.npm/_locks/bower-f46d670cb56ecd4d.lock']
39 warn locking   errno: -13,
39 warn locking   code: 'EACCES',
39 warn locking   path: '/home/uran/.npm/_locks/bower-f46d670cb56ecd4d.lock' }
40 verbose stack Error: Attempt to unlock /usr/lib/node_modules/bower, which hasn't been locked
40 verbose stack     at unlock (/usr/lib/node_modules/npm/lib/utils/locker.js:66:11)
40 verbose stack     at cb (/usr/lib/node_modules/npm/lib/install.js:1017:5)
40 verbose stack     at /usr/lib/node_modules/npm/lib/install.js:1021:20
40 verbose stack     at /usr/lib/node_modules/npm/lib/utils/locker.js:40:9
40 verbose stack     at cb (/usr/lib/node_modules/npm/node_modules/lockfile/lockfile.js:149:38)
40 verbose stack     at /usr/lib/node_modules/npm/node_modules/lockfile/lockfile.js:177:38
40 verbose stack     at FSReqWrap.oncomplete (fs.js:95:15)
41 verbose cwd /home/uran/public_html/IF-058.Web-UI
42 error Linux 3.13.0-32-generic
43 error argv "/usr/bin/node" "/usr/bin/npm" "install" "-g" "bower"
44 error node v0.12.7
45 error npm  v2.11.3
46 error Attempt to unlock /usr/lib/node_modules/bower, which hasn't been locked
47 error If you need help, you may report this error at:
47 error     <https://github.com/npm/npm/issues>
48 verbose exit [ 1, true ]
